  main.cpp
D:\repos\week4_austinmarckx\Day4\src\main.cpp(13,10): warning C4067: unexpected tokens following preprocessor directive - expected a newline
  The contents of <execution> are available only with C++17 or later.
D:\repos\week4_austinmarckx\Day4\src\main.cpp(276,65): warning C4267: 'initializing': conversion from 'size_t' to 'int', possible loss of data
D:\repos\week4_austinmarckx\Day4\src\main.cpp(277,64): warning C4267: 'initializing': conversion from 'size_t' to 'int', possible loss of data
D:\repos\week4_austinmarckx\Day4\src\main.cpp(279,51): warning C4267: 'initializing': conversion from 'size_t' to 'int', possible loss of data
D:\repos\week4_austinmarckx\Day4\src\main.cpp(370,50): warning C4267: 'initializing': conversion from 'size_t' to 'int', possible loss of data
D:\repos\week4_austinmarckx\Day4\src\main.cpp(401,38): warning C4244: '=': conversion from '__int64' to '_Ty', possible loss of data
          with
          [
              _Ty=int
          ]
D:\repos\week4_austinmarckx\Day4\src\main.cpp(406,54): warning C4267: '=': conversion from 'size_t' to '_Ty', possible loss of data
          with
          [
              _Ty=int
          ]
D:\repos\week4_austinmarckx\Day4\src\main.cpp(407,5): warning C4267: 'initializing': conversion from 'size_t' to 'int', possible loss of data
  Generating code
  Previous IPDB and IOBJ mismatch, fall back to full compilation.
  All 716 functions were compiled because no usable IPDB/IOBJ from previous compilation was found.
  Finished generating code
  Day4.vcxproj -> D:\repos\week4_austinmarckx\Day4\x64\Release\bwtalign.exe
